{
  "stats": {
    "suites": 57,
    "tests": 225,
    "passes": 170,
    "pending": 0,
    "failures": 55,
    "start": "2026-07-30T06:05:52.567Z",
    "end": "2026-07-30T07:10:32.591Z",
    "duration": 3880024,
    "testsRegistered": 335,
    "passPercent": 50.74626865671642,
    "pendingPercent": 0,
    "other": 32,
    "hasOther": true,
    "skipped": 110,
    "hasSkipped": true
  },
  "results": [
    {
      "uuid": "0372ae1a-43e6-4f1f-ae3c-b73d37bc27e7",
      "title": "",
      "fullFile": "",
      "file": "",
      "beforeHooks": [],
      "afterHooks": [
        {
          "title": "\"after all\" hook: globalTeardown in \"{root}\"",
          "fullTitle": "\"after all\" hook: globalTeardown in \"{root}\"",
          "timedOut": false,
          "duration": 5953,
          "state": null,
          "speed": null,
          "pass": false,
          "fail": false,
          "pending": false,
          "context": null,
          "code": "this.timeout(30000);\nawait generateExcelReport();\ntry { await generateHtmlIndex(); } catch {}",
          "err": {},
          "uuid": "ffe3b21a-f044-43d6-9788-d70d651104b4",
          "parentUUID": "0372ae1a-43e6-4f1f-ae3c-b73d37bc27e7",
          "isHook": true,
          "skipped": false
        }
      ],
      "tests": [],
      "suites": [
        {
          "uuid": "01920b24-843e-4432-afa9-741d7a7689e8",
          "title": "Unit — Email Validation",
          "fullFile": "C:\\Users\\soumy\\OneDrive\\Desktop\\PDD\\qa-automation\\tests\\specs\\unit-tests.spec.js",
          "file": "\\tests\\specs\\unit-tests.spec.js",
          "beforeHooks": [],
          "afterHooks": [],
          "tests": [
            {
              "title": "UNIT-001 should accept valid standard email",
              "fullTitle": "Unit — Email Validation UNIT-001 should accept valid standard email",
              "timedOut": false,
              "duration": 3,
              "state": "passed",
              "speed": "fast",
              "pass": true,
              "fail": false,
              "pending": false,
              "context": null,
              "code": "const start = Date.now();\nlet err = '';\ntry { await fn(); }\ncatch (e) { err = e.message; throw e; }\nfinally {\n  const dur = Date.now() - start;\n  recordResult({\n    testId: id, module: MODULE, testName: title, browser: 'N/A (Unit)',\n    status: err ? 'Failed' : 'Passed',\n    startTime: new Date(start).toISOString(),\n    endTime: new Date(Date.now()).toISOString(),\n    durationMs: dur, failureReason: err, screenshotPath: '', url: '',\n  });\n}",
              "err": {},
              "uuid": "ae6fa8fc-eb3f-4b43-82d4-62b5e6702571",
              "parentUUID": "01920b24-843e-4432-afa9-741d7a7689e8",
              "isHook": false,
              "skipped": false
            },
            {
              "title": "UNIT-002 should accept email with subdomain",
              "fullTitle": "Unit — Email Validation UNIT-002 should accept email with subdomain",
              "timedOut": false,
              "duration": 0,
              "state": "passed",
              "speed": "fast",
              "pass": true,
              "fail": false,
              "pending": false,
              "context": null,
              "code": "const start = Date.now();\nlet err = '';\ntry { await fn(); }\ncatch (e) { err = e.message; throw e; }\nfinally {\n  const dur = Date.now() - start;\n  recordResult({\n    testId: id, module: MODULE, testName: title, browser: 'N/A (Unit)',\n    status: err ? 'Failed' : 'Passed',\n    startTime: new Date(start).toISOString(),\n    endTime: new Date(Date.now()).toISOString(),\n    durationMs: dur, failureReason: err, screenshotPath: '', url: '',\n  });\n}",
              "err": {},
              "uuid": "16a36965-26d3-4100-a0b5-c7672d3917dd",
              "parentUUID": "01920b24-843e-4432-afa9-741d7a7689e8",
              "isHook": false,
              "skipped": false
            },
            {
              "title": "UNIT-003 should reject email without @",
              "fullTitle": "Unit — Email Validation UNIT-003 should reject email without @",
              "timedOut": false,
              "duration": 0,
              "state": "passed",
              "speed": "fast",
              "pass": true,
              "fail": false,
              "pending": false,
              "context": null,
              "code": "const start = Date.now();\nlet err = '';\ntry { await fn(); }\ncatch (e) { err = e.message; throw e; }\nfinally {\n  const dur = Date.now() - start;\n  recordResult({\n    testId: id, module: MODULE, testName: title, browser: 'N/A (Unit)',\n    status: err ? 'Failed' : 'Passed',\n    startTime: new Date(start).toISOString(),\n    endTime: new Date(Date.now()).toISOString(),\n    durationMs: dur, failureReason: err, screenshotPath: '', url: '',\n  });\n}",
              "err": {},
              "uuid": "76734af8-f025-4944-aae3-b92dd743d104",
              "parentUUID": "01920b24-843e-4432-afa9-741d7a7689e8",
              "isHook": false,
              "skipped": false
            },
            {
              "title": "UNIT-004 should reject email without domain",
              "fullTitle": "Unit — Email Validation UNIT-004 should reject email without domain",
              "timedOut": false,
              "duration": 0,
              "state": "passed",
              "speed": "fast",
              "pass": true,
              "fail": false,
              "pending": false,
              "context": null,
              "code": "const start = Date.now();\nlet err = '';\ntry { await fn(); }\ncatch (e) { err = e.message; throw e; }\nfinally {\n  const dur = Date.now() - start;\n  recordResult({\n    testId: id, module: MODULE, testName: title, browser: 'N/A (Unit)',\n    status: err ? 'Failed' : 'Passed',\n    startTime: new Date(start).toISOString(),\n    endTime: new Date(Date.now()).toISOString(),\n    durationMs: dur, failureReason: err, screenshotPath: '', url: '',\n  });\n}",
              "err": {},
              "uuid": "5e56d774-3bad-41e6-9002-bb0e181704c8",
              "parentUUID": "01920b24-843e-4432-afa9-741d7a7689e8",
              "isHook": false,
              "skipped": false
            },
            {
              "title": "UNIT-005 should reject empty string email",
              "fullTitle": "Unit — Email Validation UNIT-005 should reject empty string email",
              "timedOut": false,
              "duration": 0,
              "state": "passed",
              "speed": "fast",
              "pass": true,
              "fail": false,
              "pending": false,
              "context": null,
              "code": "const start = Date.now();\nlet err = '';\ntry { await fn(); }\ncatch (e) { err = e.message; throw e; }\nfinally {\n  const dur = Date.now() - start;\n  recordResult({\n    testId: id, module: MODULE, testName: title, browser: 'N/A (Unit)',\n    status: err ? 'Failed' : 'Passed',\n    startTime: new Date(start).toISOString(),\n    endTime: new Date(Date.now()).toISOString(),\n    durationMs: dur, failureReason: err, screenshotPath: '', url: '',\n  });\n}",
              "err": {},
              "uuid": "c72a19f3-72fd-4dc3-b9f7-25a7e7c3fe5a",
              "parentUUID": "01920b24-843e-4432-afa9-741d7a7689e8",
              "isHook": false,
              "skipped": false
            },
            {
              "title": "UNIT-006 should reject null email",
              "fullTitle": "Unit — Email Validation UNIT-006 should reject null email",
              "timedOut": false,
              "duration": 0,
              "state": "passed",
              "speed": "fast",
              "pass": true,
              "fail": false,
              "pending": false,
              "context": null,
              "code": "const start = Date.now();\nlet err = '';\ntry { await fn(); }\ncatch (e) { err = e.message; throw e; }\nfinally {\n  const dur = Date.now() - start;\n  recordResult({\n    testId: id, module: MODULE, testName: title, browser: 'N/A (Unit)',\n    status: err ? 'Failed' : 'Passed',\n    startTime: new Date(start).toISOString(),\n    endTime: new Date(Date.now()).toISOString(),\n    durationMs: dur, failureReason: err, screenshotPath: '', url: '',\n  });\n}",
              "err": {},
              "uuid": "c1526acd-a7f2-4d08-ac3f-96e55fb83485",
              "parentUUID": "01920b24-843e-4432-afa9-741d7a7689e8",
              "isHook": false,
              "skipped": false
            },
            {
              "title": "UNIT-007 should reject email with spaces",
              "fullTitle": "Unit — Email Validation UNIT-007 should reject email with spaces",
              "timedOut": false,
              "duration": 0,
              "state": "passed",
              "speed": "fast",
              "pass": true,
              "fail": false,
              "pending": false,
              "context": null,
              "code": "const start = Date.now();\nlet err = '';\ntry { await fn(); }\ncatch (e) { err = e.message; throw e; }\nfinally {\n  const dur = Date.now() - start;\n  recordResult({\n    testId: id, module: MODULE, testName: title, browser: 'N/A (Unit)',\n    status: err ? 'Failed' : 'Passed',\n    startTime: new Date(start).toISOString(),\n    endTime: new Date(Date.now()).toISOString(),\n    durationMs: dur, failureReason: err, screenshotPath: '', url: '',\n  });\n}",
              "err": {},
              "uuid": "b5711439-f628-415f-8942-020537bd75a3",
              "parentUUID": "01920b24-843e-4432-afa9-741d7a7689e8",
              "isHook": false,
              "skipped": false
            }
          ],
          "suites": [],
          "passes": [
            "ae6fa8fc-eb3f-4b43-82d4-62b5e6702571",
            "16a36965-26d3-4100-a0b5-c7672d3917dd",
            "76734af8-f025-4944-aae3-b92dd743d104",
            "5e56d774-3bad-41e6-9002-bb0e181704c8",
            "c72a19f3-72fd-4dc3-b9f7-25a7e7c3fe5a",
            "c1526acd-a7f2-4d08-ac3f-96e55fb83485",
            "b5711439-f628-415f-8942-020537bd75a3"
          ],
          "failures": [],
          "pending": [],
          "skipped": [],
          "duration": 3,
          "root": false,
          "rootEmpty": false,
          "_timeout": 180000
        },
        {
          "uuid": "a3418976-15f6-4a0c-b1af-a0c31dd02013",
          "title": "Unit — Password Validation",
          "fullFile": "C:\\Users\\soumy\\OneDrive\\Desktop\\PDD\\qa-automation\\tests\\specs\\unit-tests.spec.js",
          "file": "\\tests\\specs\\unit-tests.spec.js",
          "beforeHooks": [],
          "afterHooks": [],
          "tests": [
            {
              "title": "UNIT-008 should accept password of exactly 6 characters",
              "fullTitle": "Unit — Password Validation UNIT-008 should accept password of exactly 6 characters",
              "timedOut": false,
              "duration": 1,
              "state": "passed",
              "speed": "fast",
              "pass": true,
              "fail": false,
              "pending": false,
              "context": null,
              "code": "const start = Date.now();\nlet err = '';\ntry { await fn(); }\ncatch (e) { err = e.message; throw e; }\nfinally {\n  const dur = Date.now() - start;\n  recordResult({\n    testId: id, module: MODULE, testName: title, browser: 'N/A (Unit)',\n    status: err ? 'Failed' : 'Passed',\n    startTime: new Date(start).toISOString(),\n    endTime: new Date(Date.now()).toISOString(),\n    durationMs: dur, failureReason: err, screenshotPath: '', url: '',\n  });\n}",
              "err": {},
              "uuid": "0968ee80-48d6-4ab9-aceb-056354e290ee",
              "parentUUID": "a3418976-15f6-4a0c-b1af-a0c31dd02013",
              "isHook": false,
              "skipped": false
            },
            {
              "title": "UNIT-009 should accept password longer than 6 characters",
              "fullTitle": "Unit — Password Validation UNIT-009 should accept password longer than 6 characters",
              "timedOut": false,
              "duration": 0,
              "state": "passed",
              "speed": "fast",
              "pass": true,
              "fail": false,
              "pending": false,
              "context": null,
              "code": "const start = Date.now();\nlet err = '';\ntry { await fn(); }\ncatch (e) { err = e.message; throw e; }\nfinally {\n  const dur = Date.now() - start;\n  recordResult({\n    testId: id, module: MODULE, testName: title, browser: 'N/A (Unit)',\n    status: err ? 'Failed' : 'Passed',\n    startTime: new Date(start).toISOString(),\n    endTime: new Date(Date.now()).toISOString(),\n    durationMs: dur, failureReason: err, screenshotPath: '', url: '',\n  });\n}",
              "err": {},
              "uuid": "17c240b8-511f-4d86-979b-1e80c94c6d0e",
              "parentUUID": "a3418976-15f6-4a0c-b1af-a0c31dd02013",
              "isHook": false,
              "skipped": false
            },
            {
              "title": "UNIT-010 should reject password shorter than 6 characters",
              "fullTitle": "Unit — Password Validation UNIT-010 should reject password shorter than 6 characters",
              "timedOut": false,
              "duration": 0,
              "state": "passed",
              "speed": "fast",
              "pass": true,
              "fail": false,
              "pending": false,
              "context": null,
              "code": "const start = Date.now();\nlet err = '';\ntry { await fn(); }\ncatch (e) { err = e.message; throw e; }\nfinally {\n  const dur = Date.now() - start;\n  recordResult({\n    testId: id, module: MODULE, testName: title, browser: 'N/A (Unit)',\n    status: err ? 'Failed' : 'Passed',\n    startTime: new Date(start).toISOString(),\n    endTime: new Date(Date.now()).toISOString(),\n    durationMs: dur, failureReason: err, screenshotPath: '', url: '',\n  });\n}",
              "err": {},
              "uuid": "65c2023c-1901-43b7-9671-de236551629d",
              "parentUUID": "a3418976-15f6-4a0c-b1af-a0c31dd02013",
              "isHook": false,
              "skipped": false
            },
            {
              "title": "UNIT-011 should reject empty string password",
              "fullTitle": "Unit — Password Validation UNIT-011 should reject empty string password",
              "timedOut": false,
              "duration": 1,
              "state": "passed",
              "speed": "fast",
              "pass": true,
              "fail": false,
              "pending": false,
              "context": null,
              "code": "const start = Date.now();\nlet err = '';\ntry { await fn(); }\ncatch (e) { err = e.message; throw e; }\nfinally {\n  const dur = Date.now() - start;\n  recordResult({\n    testId: id, module: MODULE, testName: title, browser: 'N/A (Unit)',\n    status: err ? 'Failed' : 'Passed',\n    startTime: new Date(start).toISOString(),\n    endTime: new Date(Date.now()).toISOString(),\n    durationMs: dur, failureReason: err, screenshotPath: '', url: '',\n  });\n}",
              "err": {},
              "uuid": "e53c3ad6-a33d-43ee-901c-efd1dd1c3b11",
              "parentUUID": "a3418976-15f6-4a0c-b1af-a0c31dd02013",
              "isHook": false,
              "skipped": false
            },
            {
              "title": "UNIT-012 should reject null password",
              "fullTitle": "Unit — Password Validation UNIT-012 should reject null password",
              "timedOut": false,
              "duration": 0,
              "state": "passed",
              "speed": "fast",
              "pass": true,
              "fail": false,
              "pending": false,
              "context": null,
              "code": "const start = Date.now();\nlet err = '';\ntry { await fn(); }\ncatch (e) { err = e.message; throw e; }\nfinally {\n  const dur = Date.now() - start;\n  recordResult({\n    testId: id, module: MODULE, testName: title, browser: 'N/A (Unit)',\n    status: err ? 'Failed' : 'Passed',\n    startTime: new Date(start).toISOString(),\n    endTime: new Date(Date.now()).toISOString(),\n    durationMs: dur, failureReason: err, screenshotPath: '', url: '',\n  });\n}",
              "err": {},
              "uuid": "fc94e225-ee60-4680-8e1b-62e8a1fb6cdd",
              "parentUUID": "a3418976-15f6-4a0c-b1af-a0c31dd02013",
              "isHook": false,
              "skipped": false
            },
            {
              "title": "UNIT-013 should accept password with special characters",
              "fullTitle": "Unit — Password Validation UNIT-013 should accept password with special characters",
              "timedOut": false,
              "duration": 1,
              "state": "passed",
              "speed": "fast",
              "pass": true,
              "fail": false,
              "pending": false,
              "context": null,
              "code": "const start = Date.now();\nlet err = '';\ntry { await fn(); }\ncatch (e) { err = e.message; throw e; }\nfinally {\n  const dur = Date.now() - start;\n  recordResult({\n    testId: id, module: MODULE, testName: title, browser: 'N/A (Unit)',\n    status: err ? 'Failed' : 'Passed',\n    startTime: new Date(start).toISOString(),\n    endTime: new Date(Date.now()).toISOString(),\n    durationMs: dur, failureReason: err, screenshotPath: '', url: '',\n  });\n}",
              "err": {},
              "uuid": "17f359cf-ab3b-47c8-ad89-4eb57f1812c4",
              "parentUUID": "a3418976-15f6-4a0c-b1af-a0c31dd02013",
              "isHook": false,
              "skipped": false
            }
          ],
          "suites": [],
          "passes": [
            "0968ee80-48d6-4ab9-aceb-056354e290ee",
            "17c240b8-511f-4d86-979b-1e80c94c6d0e",
            "65c2023c-1901-43b7-9671-de236551629d",
            "e53c3ad6-a33d-43ee-901c-efd1dd1c3b11",
            "fc94e225-ee60-4680-8e1b-62e8a1fb6cdd",
            "17f359cf-ab3b-47c8-ad89-4eb57f1812c4"
          ],
          "failures": [],
          "pending": [],
          "skipped": [],
          "duration": 3,
          "root": false,
          "rootEmpty": false,
          "_timeout": 180000
        },
        {
          "uuid": "b443e1d8-4959-4f45-984f-e17001f3e35a",
          "title": "Unit — Phone Validation",
          "fullFile": "C:\\Users\\soumy\\OneDrive\\Desktop\\PDD\\qa-automation\\tests\\specs\\unit-tests.spec.js",
          "file": "\\tests\\specs\\unit-tests.spec.js",
          "beforeHooks": [],
          "afterHooks": [],
          "tests": [
            {
              "title": "UNIT-014 should accept valid 10-digit phone number",
              "fullTitle": "Unit — Phone Validation UNIT-014 should accept valid 10-digit phone number",
              "timedOut": false,
              "duration": 1,
              "state": "passed",
              "speed": "fast",
              "pass": true,
              "fail": false,
              "pending": false,
              "context": null,
              "code": "const start = Date.now();\nlet err = '';\ntry { await fn(); }\ncatch (e) { err = e.message; throw e; }\nfinally {\n  const dur = Date.now() - start;\n  recordResult({\n    testId: id, module: MODULE, testName: title, browser: 'N/A (Unit)',\n    status: err ? 'Failed' : 'Passed',\n    startTime: new Date(start).toISOString(),\n    endTime: new Date(Date.now()).toISOString(),\n    durationMs: dur, failureReason: err, screenshotPath: '', url: '',\n  });\n}",
              "err": {},
              "uuid": "18e310cd-19af-4803-a7dc-2fa7af105079",
              "parentUUID": "b443e1d8-4959-4f45-984f-e17001f3e35a",
              "isHook": false,
              "skipped": false
            },
            {
              "title": "UNIT-015 should accept phone with +91 country code",
              "fullTitle": "Unit — Phone Validation UNIT-015 should accept phone with +91 country code",
              "timedOut": false,
              "duration": 0,
              "state": "passed",
              "speed": "fast",
              "pass": true,
              "fail": false,
              "pending": false,
              "context": null,
              "code": "const start = Date.now();\nlet err = '';\ntry { await fn(); }\ncatch (e) { err = e.message; throw e; }\nfinally {\n  const dur = Date.now() - start;\n  recordResult({\n    testId: id, module: MODULE, testName: title, browser: 'N/A (Unit)',\n    status: err ? 'Failed' : 'Passed',\n    startTime: new Date(start).toISOString(),\n    endTime: new Date(Date.now()).toISOString(),\n    durationMs: dur, failureReason: err, screenshotPath: '', url: '',\n  });\n}",
              "err": {},
              "uuid": "38116c66-4480-4d7d-871f-47e384a83ffa",
              "parentUUID": "b443e1d8-4959-4f45-984f-e17001f3e35a",
              "isHook": false,
              "skipped": false
            },
            {
              "title": "UNIT-016 should reject phone shorter than 10 digits",
              "fullTitle": "Unit — Phone Validation UNIT-016 should reject phone shorter than 10 digits",
              "timedOut": false,
              "duration": 0,
              "state": "passed",
              "speed": "fast",
              "pass": true,
              "fail": false,
              "pending": false,
              "context": null,
              "code": "const start = Date.now();\nlet err = '';\ntry { await fn(); }\ncatch (e) { err = e.message; throw e; }\nfinally {\n  const dur = Date.now() - start;\n  recordResult({\n    testId: id, module: MODULE, testName: title, browser: 'N/A (Unit)',\n    status: err ? 'Failed' : 'Passed',\n    startTime: new Date(start).toISOString(),\n    endTime: new Date(Date.now()).toISOString(),\n    durationMs: dur, failureReason: err, screenshotPath: '', url: '',\n  });\n}",
              "err": {},
              "uuid": "563ca68e-c9ff-4505-b1b2-a37fdf591b33",
              "parentUUID": "b443e1d8-4959-4f45-984f-e17001f3e35a",
              "isHook": false,
              "skipped": false
            },
            {
              "title": "UNIT-017 should strip dashes and spaces from phone",
              "fullTitle": "Unit — Phone Validation UNIT-017 should strip dashes and spaces from phone",
              "timedOut": false,
              "duration": 1,
              "state": "passed",
              "speed": "fast",
              "pass": true,
              "fail": false,
              "pending": false,
              "context": null,
              "code": "const start = Date.now();\nlet err = '';\ntry { await fn(); }\ncatch (e) { err = e.message; throw e; }\nfinally {\n  const dur = Date.now() - start;\n  recordResult({\n    testId: id, module: MODULE, testName: title, browser: 'N/A (Unit)',\n    status: err ? 'Failed' : 'Passed',\n    startTime: new Date(start).toISOString(),\n    endTime: new Date(Date.now()).toISOString(),\n    durationMs: dur, failureReason: err, screenshotPath: '', url: '',\n  });\n}",
              "err": {},
              "uuid": "328bccf6-2a89-4634-8bc1-7402783ec637",
              "parentUUID": "b443e1d8-4959-4f45-984f-e17001f3e35a",
              "isHook": false,
              "skipped": false
            },
            {
              "title": "UNIT-018 should reject empty phone",
              "fullTitle": "Unit — Phone Validation UNIT-018 should reject empty phone",
              "timedOut": false,
              "duration": 1,
              "state": "passed",
              "speed": "fast",
              "pass": true,
              "fail": false,
              "pending": false,
              "context": null,
              "code": "const start = Date.now();\nlet err = '';\ntry { await fn(); }\ncatch (e) { err = e.message; throw e; }\nfinally {\n  const dur = Date.now() - start;\n  recordResult({\n    testId: id, module: MODULE, testName: title, browser: 'N/A (Unit)',\n    status: err ? 'Failed' : 'Passed',\n    startTime: new Date(start).toISOString(),\n    endTime: new Date(Date.now()).toISOString(),\n    durationMs: dur, failureReason: err, screenshotPath: '', url: '',\n  });\n}",
              "err": {},
              "uuid": "94408d45-11e2-4513-a05d-c0673178902f",
              "parentUUID": "b443e1d8-4959-4f45-984f-e17001f3e35a",
              "isHook": false,
              "skipped": false
            }
          ],
          "suites": [],
          "passes": [
            "18e310cd-19af-4803-a7dc-2fa7af105079",
            "38116c66-4480-4d7d-871f-47e384a83ffa",
            "563ca68e-c9ff-4505-b1b2-a37fdf591b33",
            "328bccf6-2a89-4634-8bc1-7402783ec637",
            "94408d45-11e2-4513-a05d-c0673178902f"
          ],
          "failures": [],
          "pending": [],
          "skipped": [],
          "duration": 3,
          "root": false,
          "rootEmpty": false,
          "_timeout": 180000
        },
        {
          "uuid": "0b6cc06c-fdda-42e4-afcd-b2e4a24d345b",
          "title": "Unit — Role-based Routing",
          "fullFile": "C:\\Users\\soumy\\OneDrive\\Desktop\\PDD\\qa-automation\\tests\\specs\\unit-tests.spec.js",
          "file": "\\tests\\specs\\unit-tests.spec.js",
          "beforeHooks": [],
          "afterHooks": [],
          "tests": [
            {
              "title": "UNIT-019 admin role should route to /app/admin",
              "fullTitle": "Unit — Role-based Routing UNIT-019 admin role should route to /app/admin",
              "timedOut": false,
              "duration": 1,
              "state": "passed",
              "speed": "fast",
              "pass": true,
              "fail": false,
              "pending": false,
              "context": null,
              "code": "const start = Date.now();\nlet err = '';\ntry { await fn(); }\ncatch (e) { err = e.message; throw e; }\nfinally {\n  const dur = Date.now() - start;\n  recordResult({\n    testId: id, module: MODULE, testName: title, browser: 'N/A (Unit)',\n    status: err ? 'Failed' : 'Passed',\n    startTime: new Date(start).toISOString(),\n    endTime: new Date(Date.now()).toISOString(),\n    durationMs: dur, failureReason: err, screenshotPath: '', url: '',\n  });\n}",
              "err": {},
              "uuid": "e554353a-5a58-41b9-b407-12c836ec7026",
              "parentUUID": "0b6cc06c-fdda-42e4-afcd-b2e4a24d345b",
              "isHook": false,
              "skipped": false
            },
            {
              "title": "UNIT-020 driver role should route to /app/driver",
              "fullTitle": "Unit — Role-based Routing UNIT-020 driver role should route to /app/driver",
              "timedOut": false,
              "duration": 0,
              "state": "passed",
              "speed": "fast",
              "pass": true,
              "fail": false,
              "pending": false,
              "context": null,
              "code": "const start = Date.now();\nlet err = '';\ntry { await fn(); }\ncatch (e) { err = e.message; throw e; }\nfinally {\n  const dur = Date.now() - start;\n  recordResult({\n    testId: id, module: MODULE, testName: title, browser: 'N/A (Unit)',\n    status: err ? 'Failed' : 'Passed',\n    startTime: new Date(start).toISOString(),\n    endTime: new Date(Date.now()).toISOString(),\n    durationMs: dur, failureReason: err, screenshotPath: '', url: '',\n  });\n}",
              "err": {},
              "uuid": "6005be7e-ed14-4bd1-9655-2af49bd9f2e6",
              "parentUUID": "0b6cc06c-fdda-42e4-afcd-b2e4a24d345b",
              "isHook": false,
              "skipped": false
            },
            {
              "title": "UNIT-021 parent role should route to /app/parent",
              "fullTitle": "Unit — Role-based Routing UNIT-021 parent role should route to /app/parent",
              "timedOut": false,
              "duration": 0,
              "state": "passed",
              "speed": "fast",
              "pass": true,
              "fail": false,
              "pending": false,
              "context": null,
              "code": "const start = Date.now();\nlet err = '';\ntry { await fn(); }\ncatch (e) { err = e.message; throw e; }\nfinally {\n  const dur = Date.now() - start;\n  recordResult({\n    testId: id, module: MODULE, testName: title, browser: 'N/A (Unit)',\n    status: err ? 'Failed' : 'Passed',\n    startTime: new Date(start).toISOString(),\n    endTime: new Date(Date.now()).toISOString(),\n    durationMs: dur, failureReason: err, screenshotPath: '', url: '',\n  });\n}",
              "err": {},
              "uuid": "2d5d3353-6bd6-42b8-a6f9-8ec0f5f42105",
              "parentUUID": "0b6cc06c-fdda-42e4-afcd-b2e4a24d345b",
              "isHook": false,
              "skipped": false
            },
            {
              "title": "UNIT-022 unknown role should fall back to /login",
              "fullTitle": "Unit — Role-based Routing UNIT-022 unknown role should fall back to /login",
              "timedOut": false,
              "duration": 0,
              "state": "passed",
              "speed": "fast",
              "pass": true,
              "fail": false,
              "pending": false,
              "context": null,
              "code": "const start = Date.now();\nlet err = '';\ntry { await fn(); }\ncatch (e) { err = e.message; throw e; }\nfinally {\n  const dur = Date.now() - start;\n  recordResult({\n    testId: id, module: MODULE, testName: title, browser: 'N/A (Unit)',\n    status: err ? 'Failed' : 'Passed',\n    startTime: new Date(start).toISOString(),\n    endTime: new Date(Date.now()).toISOString(),\n    durationMs: dur, failureReason: err, screenshotPath: '', url: '',\n  });\n}",
              "err": {},
              "uuid": "6e928b48-e2d1-4af5-8d86-088bb87ba8f0",
              "parentUUID": "0b6cc06c-fdda-42e4-afcd-b2e4a24d345b",
              "isHook": false,
              "skipped": false
            }
          ],
          "suites": [],
          "passes": [
            "e554353a-5a58-41b9-b407-12c836ec7026",
            "6005be7e-ed14-4bd1-9655-2af49bd9f2e6",
            "2d5d3353-6bd6-42b8-a6f9-8ec0f5f42105",
            "6e928b48-e2d1-4af5-8d86-088bb87ba8f0"
          ],
          "failures": [],
          "pending": [],
          "skipped": [],
          "duration": 1,
          "root": false,
          "rootEmpty": false,
          "_timeout": 180000
        },
        {
          "uuid": "78275228-d01a-4ece-ab74-639111be480a",
          "title": "Unit — Trip Status Logic",
          "fullFile": "C:\\Users\\soumy\\OneDrive\\Desktop\\PDD\\qa-automation\\tests\\specs\\unit-tests.spec.js",
          "file": "\\tests\\specs\\unit-tests.spec.js",
          "beforeHooks": [],
          "afterHooks": [],
          "tests": [
            {
              "title": "UNIT-023 should accept \"active\" as valid trip status",
              "fullTitle": "Unit — Trip Status Logic UNIT-023 should accept \"active\" as valid trip status",
              "timedOut": false,
              "duration": 1,
              "state": "passed",
              "speed": "fast",
              "pass": true,
              "fail": false,
              "pending": false,
              "context": null,
              "code": "const start = Date.now();\nlet err = '';\ntry { await fn(); }\ncatch (e) { err = e.message; throw e; }\nfinally {\n  const dur = Date.now() - start;\n  recordResult({\n    testId: id, module: MODULE, testName: title, browser: 'N/A (Unit)',\n    status: err ? 'Failed' : 'Passed',\n    startTime: new Date(start).toISOString(),\n    endTime: new Date(Date.now()).toISOString(),\n    durationMs: dur, failureReason: err, screenshotPath: '', url: '',\n  });\n}",
              "err": {},
              "uuid": "112730e1-f042-4c6d-af9f-9f87d185acd7",
              "parentUUID": "78275228-d01a-4ece-ab74-639111be480a",
              "isHook": false,
              "skipped": false
            },
            {
              "title": "UNIT-024 should accept \"completed\" as valid trip status",
              "fullTitle": "Unit — Trip Status Logic UNIT-024 should accept \"completed\" as valid trip status",
              "timedOut": false,
              "duration": 0,
              "state": "passed",
              "speed": "fast",
              "pass": true,
              "fail": false,
              "pending": false,
              "context": null,
              "code": "const start = Date.now();\nlet err = '';\ntry { await fn(); }\ncatch (e) { err = e.message; throw e; }\nfinally {\n  const dur = Date.now() - start;\n  recordResult({\n    testId: id, module: MODULE, testName: title, browser: 'N/A (Unit)',\n    status: err ? 'Failed' : 'Passed',\n    startTime: new Date(start).toISOString(),\n    endTime: new Date(Date.now()).toISOString(),\n    durationMs: dur, failureReason: err, screenshotPath: '', url: '',\n  });\n}",
              "err": {},
              "uuid": "7f4aec7a-748b-4ed8-a173-9f1ff329e333",
              "parentUUID": "78275228-d01a-4ece-ab74-639111be480a",
              "isHook": false,
              "skipped": false
            },
            {
              "title": "UNIT-025 should reject \"running\" as invalid trip status",
              "fullTitle": "Unit — Trip Status Logic UNIT-025 should reject \"running\" as invalid trip status",
              "timedOut": false,
              "duration": 0,
              "state": "passed",
              "speed": "fast",
              "pass": true,
              "fail": false,
              "pending": false,
              "context": null,
              "code": "const start = Date.now();\nlet err = '';\ntry { await fn(); }\ncatch (e) { err = e.message; throw e; }\nfinally {\n  const dur = Date.now() - start;\n  recordResult({\n    testId: id, module: MODULE, testName: title, browser: 'N/A (Unit)',\n    status: err ? 'Failed' : 'Passed',\n    startTime: new Date(start).toISOString(),\n    endTime: new Date(Date.now()).toISOString(),\n    durationMs: dur, failureReason: err, screenshotPath: '', url: '',\n  });\n}",
              "err": {},
              "uuid": "a56fee5b-6934-4aa3-8ff4-e0e0b8f74923",
              "parentUUID": "78275228-d01a-4ece-ab74-639111be480a",
              "isHook": false,
              "skipped": false
            },
            {
              "title": "UNIT-026 can start trip when scheduled with busId and driverId",
              "fullTitle": "Unit — Trip Status Logic UNIT-026 can start trip when scheduled with busId and driverId",
              "timedOut": false,
              "duration": 0,
              "state": "passed",
              "speed": "fast",
              "pass": true,
              "fail": false,
              "pending": false,
              "context": null,
              "code": "const start = Date.now();\nlet err = '';\ntry { await fn(); }\ncatch (e) { err = e.message; throw e; }\nfinally {\n  const dur = Date.now() - start;\n  recordResult({\n    testId: id, module: MODULE, testName: title, browser: 'N/A (Unit)',\n    status: err ? 'Failed' : 'Passed',\n    startTime: new Date(start).toISOString(),\n    endTime: new Date(Date.now()).toISOString(),\n    durationMs: dur, failureReason: err, screenshotPath: '', url: '',\n  });\n}",
              "err": {},
              "uuid": "a5fc426c-e938-4ca4-8977-99a223797e7a",
              "parentUUID": "78275228-d01a-4ece-ab74-639111be480a",
              "isHook": false,
              "skipped": false
            },
            {
              "title": "UNIT-027 cannot start trip already active",
              "fullTitle": "Unit — Trip Status Logic UNIT-027 cannot start trip already active",
              "timedOut": false,
              "duration": 0,
              "state": "passed",
              "speed": "fast",
              "pass": true,
              "fail": false,
              "pending": false,
              "context": null,
              "code": "const start = Date.now();\nlet err = '';\ntry { await fn(); }\ncatch (e) { err = e.message; throw e; }\nfinally {\n  const dur = Date.now() - start;\n  recordResult({\n    testId: id, module: MODULE, testName: title, browser: 'N/A (Unit)',\n    status: err ? 'Failed' : 'Passed',\n    startTime: new Date(start).toISOString(),\n    endTime: new Date(Date.now()).toISOString(),\n    durationMs: dur, failureReason: err, screenshotPath: '', url: '',\n  });\n}",
              "err": {},
              "uuid": "02dbcbd5-f632-4206-8d6f-56bcb1d4ff80",
              "parentUUID": "78275228-d01a-4ece-ab74-639111be480a",
              "isHook": false,
              "skipped": false
            },
            {
              "title": "UNIT-028 can end trip only when status is active",
              "fullTitle": "Unit — Trip Status Logic UNIT-028 can end trip only when status is active",
              "timedOut": false,
              "duration": 0,
              "state": "passed",
              "speed": "fast",
              "pass": true,
              "fail": false,
              "pending": false,
              "context": null,
              "code": "const start = Date.now();\nlet err = '';\ntry { await fn(); }\ncatch (e) { err = e.message; throw e; }\nfinally {\n  const dur = Date.now() - start;\n  recordResult({\n    testId: id, module: MODULE, testName: title, browser: 'N/A (Unit)',\n    status: err ? 'Failed' : 'Passed',\n    startTime: new Date(start).toISOString(),\n    endTime: new Date(Date.now()).toISOString(),\n    durationMs: dur, failureReason: err, screenshotPath: '', url: '',\n  });\n}",
              "err": {},
              "uuid": "f6aba693-4367-4932-83dc-0eebbaa19833",
              "parentUUID": "78275228-d01a-4ece-ab74-639111be480a",
              "isHook": false,
              "skipped": false
            }
          ],
          "suites": [],
          "passes": [
            "112730e1-f042-4c6d-af9f-9f87d185acd7",
            "7f4aec7a-748b-4ed8-a173-9f1ff329e333",
            "a56fee5b-6934-4aa3-8ff4-e0e0b8f74923",
            "a5fc426c-e938-4ca4-8977-99a223797e7a",
            "02dbcbd5-f632-4206-8d6f-56bcb1d4ff80",
            "f6aba693-4367-4932-83dc-0eebbaa19833"
          ],
          "failures": [],
          "pending": [],
          "skipped": [],
          "duration": 1,
          "root": false,
          "rootEmpty": false,
          "_timeout": 180000
        },
        {
          "uuid": "01b2da86-11bf-4a40-a3df-fdf5d3035cbc",
          "title": "Unit — Student Attendance Logic",
          "fullFile": "C:\\Users\\soumy\\OneDrive\\Desktop\\PDD\\qa-automation\\tests\\specs\\unit-tests.spec.js",
          "file": "\\tests\\specs\\unit-tests.spec.js",
          "beforeHooks": [],
          "afterHooks": [],
          "tests": [
            {
              "title": "UNIT-029 should mark student as present",
              "fullTitle": "Unit — Student Attendance Logic UNIT-029 should mark student as present",
              "timedOut": false,
              "duration": 2,
              "state": "passed",
              "speed": "fast",
              "pass": true,
              "fail": false,
              "pending": false,
              "context": null,
              "code": "const start = Date.now();\nlet err = '';\ntry { await fn(); }\ncatch (e) { err = e.message; throw e; }\nfinally {\n  const dur = Date.now() - start;\n  recordResult({\n    testId: id, module: MODULE, testName: title, browser: 'N/A (Unit)',\n    status: err ? 'Failed' : 'Passed',\n    startTime: new Date(start).toISOString(),\n    endTime: new Date(Date.now()).toISOString(),\n    durationMs: dur, failureReason: err, screenshotPath: '', url: '',\n  });\n}",
              "err": {},
              "uuid": "444f5253-e99e-4eb7-829f-97ea12e01c36",
              "parentUUID": "01b2da86-11bf-4a40-a3df-fdf5d3035cbc",
              "isHook": false,
              "skipped": false
            },
            {
              "title": "UNIT-030 should mark student as absent",
              "fullTitle": "Unit — Student Attendance Logic UNIT-030 should mark student as absent",
              "timedOut": false,
              "duration": 0,
              "state": "passed",
              "speed": "fast",
              "pass": true,
              "fail": false,
              "pending": false,
              "context": null,
              "code": "const start = Date.now();\nlet err = '';\ntry { await fn(); }\ncatch (e) { err = e.message; throw e; }\nfinally {\n  const dur = Date.now() - start;\n  recordResult({\n    testId: id, module: MODULE, testName: title, browser: 'N/A (Unit)',\n    status: err ? 'Failed' : 'Passed',\n    startTime: new Date(start).toISOString(),\n    endTime: new Date(Date.now()).toISOString(),\n    durationMs: dur, failureReason: err, screenshotPath: '', url: '',\n  });\n}",
              "err": {},
              "uuid": "96caf090-8d48-4e20-849e-71bf65f618ee",
              "parentUUID": "01b2da86-11bf-4a40-a3df-fdf5d3035cbc",
              "isHook": false,
              "skipped": false
            },
            {
              "title": "UNIT-031 should mark student as dropped",
              "fullTitle": "Unit — Student Attendance Logic UNIT-031 should mark student as dropped",
              "timedOut": false,
              "duration": 0,
              "state": "passed",
              "speed": "fast",
              "pass": true,
              "fail": false,
              "pending": false,
              "context": null,
              "code": "const start = Date.now();\nlet err = '';\ntry { await fn(); }\ncatch (e) { err = e.message; throw e; }\nfinally {\n  const dur = Date.now() - start;\n  recordResult({\n    testId: id, module: MODULE, testName: title, browser: 'N/A (Unit)',\n    status: err ? 'Failed' : 'Passed',\n    startTime: new Date(start).toISOString(),\n    endTime: new Date(Date.now()).toISOString(),\n    durationMs: dur, failureReason: err, screenshotPath: '', url: '',\n  });\n}",
              "err": {},
              "uuid": "b4b2c1d5-7c5a-43c9-86f9-f7123cdd5ad8",
              "parentUUID": "01b2da86-11bf-4a40-a3df-fdf5d3035cbc",
              "isHook": false,
              "skipped": false
            },
            {
              "title": "UNIT-032 should include markedAt timestamp",
              "fullTitle": "Unit — Student Attendance Logic UNIT-032 should include markedAt timestamp",
              "timedOut": false,
              "duration": 0,
              "state": "passed",
              "speed": "fast",
              "pass": true,
              "fail": false,
              "pending": false,
              "context": null,
              "code": "const start = Date.now();\nlet err = '';\ntry { await fn(); }\ncatch (e) { err = e.message; throw e; }\nfinally {\n  const dur = Date.now() - start;\n  recordResult({\n    testId: id, module: MODULE, testName: title, browser: 'N/A (Unit)',\n    status: err ? 'Failed' : 'Passed',\n    startTime: new Date(start).toISOString(),\n    endTime: new Date(Date.now()).toISOString(),\n    durationMs: dur, failureReason: err, screenshotPath: '', url: '',\n  });\n}",
              "err": {},
              "uuid": "4f37149a-2d1d-40f6-a612-83a08440a897",
              "parentUUID": "01b2da86-11bf-4a40-a3df-fdf5d3035cbc",
              "isHook": false,
              "skipped": false
            },
            {
              "title": "UNIT-033 should throw error for invalid attendance action",
              "fullTitle": "Unit — Student Attendance Logic UNIT-033 should throw error for invalid attendance action",
              "timedOut": false,
              "duration": 1,
              "state": "passed",
              "speed": "fast",
              "pass": true,
              "fail": false,
              "pending": false,
              "context": null,
              "code": "const start = Date.now();\nlet err = '';\ntry { await fn(); }\ncatch (e) { err = e.message; throw e; }\nfinally {\n  const dur = Date.now() - start;\n  recordResult({\n    testId: id, module: MODULE, testName: title, browser: 'N/A (Unit)',\n    status: err ? 'Failed' : 'Passed',\n    startTime: new Date(start).toISOString(),\n    endTime: new Date(Date.now()).toISOString(),\n    durationMs: dur, failureReason: err, screenshotPath: '', url: '',\n  });\n}",
              "err": {},
              "uuid": "a1ee114f-f6fa-4e8d-835b-b856e26fee7e",
              "parentUUID": "01b2da86-11bf-4a40-a3df-fdf5d3035cbc",
              "isHook": false,
              "skipped": false
            }
          ],
          "suites": [],
          "passes": [
            "444f5253-e99e-4eb7-829f-97ea12e01c36",
            "96caf090-8d48-4e20-849e-71bf65f618ee",
            "b4b2c1d5-7c5a-43c9-86f9-f7123cdd5ad8",
            "4f37149a-2d1d-40f6-a612-83a08440a897",
            "a1ee114f-f6fa-4e8d-835b-b856e26fee7e"
          ],
          "failures": [],
          "pending": [],
          "skipped": [],
          "duration": 3,
          "root": false,
          "rootEmpty": false,
          "_timeout": 180000
        },
        {
          "uuid": "996d8936-2992-41ff-829b-1a6039180d87",
          "title": "Unit — ETA Calculation",
          "fullFile": "C:\\Users\\soumy\\OneDrive\\Desktop\\PDD\\qa-automation\\tests\\specs\\unit-tests.spec.js",
          "file": "\\tests\\specs\\unit-tests.spec.js",
          "beforeHooks": [],
          "afterHooks": [],
          "tests": [
            {
              "title": "UNIT-034 should calculate ETA for 10km at 40kmh (15 mins)",
              "fullTitle": "Unit — ETA Calculation UNIT-034 should calculate ETA for 10km at 40kmh (15 mins)",
              "timedOut": false,
              "duration": 0,
              "state": "passed",
              "speed": "fast",
              "pass": true,
              "fail": false,
              "pending": false,
              "context": null,
              "code": "const start = Date.now();\nlet err = '';\ntry { await fn(); }\ncatch (e) { err = e.message; throw e; }\nfinally {\n  const dur = Date.now() - start;\n  recordResult({\n    testId: id, module: MODULE, testName: title, browser: 'N/A (Unit)',\n    status: err ? 'Failed' : 'Passed',\n    startTime: new Date(start).toISOString(),\n    endTime: new Date(Date.now()).toISOString(),\n    durationMs: dur, failureReason: err, screenshotPath: '', url: '',\n  });\n}",
              "err": {},
              "uuid": "40fbddbe-f363-49d8-bf4e-06f52d33d402",
              "parentUUID": "996d8936-2992-41ff-829b-1a6039180d87",
              "isHook": false,
              "skipped": false
            },
            {
              "title": "UNIT-035 should calculate ETA for 5km at 60kmh (5 mins)",
              "fullTitle": "Unit — ETA Calculation UNIT-035 should calculate ETA for 5km at 60kmh (5 mins)",
              "timedOut": false,
              "duration": 1,
              "state": "passed",
              "speed": "fast",
              "pass": true,
              "fail": false,
              "pending": false,
              "context": null,
              "code": "const start = Date.now();\nlet err = '';\ntry { await fn(); }\ncatch (e) { err = e.message; throw e; }\nfinally {\n  const dur = Date.now() - start;\n  recordResult({\n    testId: id, module: MODULE, testName: title, browser: 'N/A (Unit)',\n    status: err ? 'Failed' : 'Passed',\n    startTime: new Date(start).toISOString(),\n    endTime: new Date(Date.now()).toISOString(),\n    durationMs: dur, failureReason: err, screenshotPath: '', url: '',\n  });\n}",
              "err": {},
              "uuid": "d7db3911-a801-474e-ab00-5a12b8efa846",
              "parentUUID": "996d8936-2992-41ff-829b-1a6039180d87",
              "isHook": false,
              "skipped": false
            },
            {
              "title": "UNIT-036 should return null for zero speed",
              "fullTitle": "Unit — ETA Calculation UNIT-036 should return null for zero speed",
              "timedOut": false,
              "duration": 0,
              "state": "passed",
              "speed": "fast",
              "pass": true,
              "fail": false,
              "pending": false,
              "context": null,
              "code": "const start = Date.now();\nlet err = '';\ntry { await fn(); }\ncatch (e) { err = e.message; throw e; }\nfinally {\n  const dur = Date.now() - start;\n  recordResult({\n    testId: id, module: MODULE, testName: title, browser: 'N/A (Unit)',\n    status: err ? 'Failed' : 'Passed',\n    startTime: new Date(start).toISOString(),\n    endTime: new Date(Date.now()).toISOString(),\n    durationMs: dur, failureReason: err, screenshotPath: '', url: '',\n  });\n}",
              "err": {},
              "uuid": "cb054e89-f31f-4c05-9bcd-99f473595e1b",
              "parentUUID": "996d8936-2992-41ff-829b-1a6039180d87",
              "isHook": false,
              "skipped": false
            },
            {
              "title": "UNIT-037 should return null for non-number input",
              "fullTitle": "Unit — ETA Calculation UNIT-037 should return null for non-number input",
              "timedOut": false,
              "duration": 0,
              "state": "passed",
              "speed": "fast",
              "pass": true,
              "fail": false,
              "pending": false,
              "context": null,
              "code": "const start = Date.now();\nlet err = '';\ntry { await fn(); }\ncatch (e) { err = e.message; throw e; }\nfinally {\n  const dur = Date.now() - start;\n  recordResult({\n    testId: id, module: MODULE, testName: title, browser: 'N/A (Unit)',\n    status: err ? 'Failed' : 'Passed',\n    startTime: new Date(start).toISOString(),\n    endTime: new Date(Date.now()).toISOString(),\n    durationMs: dur, failureReason: err, screenshotPath: '', url: '',\n  });\n}",
              "err": {},
              "uuid": "a70c2481-fd0a-4ded-b7ef-6a27a819c038",
              "parentUUID": "996d8936-2992-41ff-829b-1a6039180d87",
              "isHook": false,
              "skipped": false
            }
          ],
          "suites": [],
          "passes": [
            "40fbddbe-f363-49d8-bf4e-06f52d33d402",
            "d7db3911-a801-474e-ab00-5a12b8efa846",
            "cb054e89-f31f-4c05-9bcd-99f473595e1b",
            "a70c2481-fd0a-4ded-b7ef-6a27a819c038"
          ],
          "failures": [],
          "pending": [],
          "skipped": [],
          "duration": 1,
          "root": false,
          "rootEmpty": false,
          "_timeout": 180000
        },
        {
          "uuid": "832b432d-1623-4412-82f3-ec3f93d76ec7",
          "title": "Unit — Notification Formatter",
          "fullFile": "C:\\Users\\soumy\\OneDrive\\Desktop\\PDD\\qa-automation\\tests\\specs\\unit-tests.spec.js",
          "file": "\\tests\\specs\\unit-tests.spec.js",
          "beforeHooks": [],
          "afterHooks": [],
          "tests": [
            {
              "title": "UNIT-038 should format a valid trip_start notification",
              "fullTitle": "Unit — Notification Formatter UNIT-038 should format a valid trip_start notification",
              "timedOut": false,
              "duration": 1,
              "state": "passed",
              "speed": "fast",
              "pass": true,
              "fail": false,
              "pending": false,
              "context": null,
              "code": "const start = Date.now();\nlet err = '';\ntry { await fn(); }\ncatch (e) { err = e.message; throw e; }\nfinally {\n  const dur = Date.now() - start;\n  recordResult({\n    testId: id, module: MODULE, testName: title, browser: 'N/A (Unit)',\n    status: err ? 'Failed' : 'Passed',\n    startTime: new Date(start).toISOString(),\n    endTime: new Date(Date.now()).toISOString(),\n    durationMs: dur, failureReason: err, screenshotPath: '', url: '',\n  });\n}",
              "err": {},
              "uuid": "652ab34f-ca32-4598-a90f-e64eee167460",
              "parentUUID": "832b432d-1623-4412-82f3-ec3f93d76ec7",
              "isHook": false,
              "skipped": false
            },
            {
              "title": "UNIT-039 should format an emergency notification as critical",
              "fullTitle": "Unit — Notification Formatter UNIT-039 should format an emergency notification as critical",
              "timedOut": false,
              "duration": 0,
              "state": "passed",
              "speed": "fast",
              "pass": true,
              "fail": false,
              "pending": false,
              "context": null,
              "code": "const start = Date.now();\nlet err = '';\ntry { await fn(); }\ncatch (e) { err = e.message; throw e; }\nfinally {\n  const dur = Date.now() - start;\n  recordResult({\n    testId: id, module: MODULE, testName: title, browser: 'N/A (Unit)',\n    status: err ? 'Failed' : 'Passed',\n    startTime: new Date(start).toISOString(),\n    endTime: new Date(Date.now()).toISOString(),\n    durationMs: dur, failureReason: err, screenshotPath: '', url: '',\n  });\n}",
              "err": {},
              "uuid": "e74e2620-ea3d-4b59-a0eb-7a864aac36f3",
              "parentUUID": "832b432d-1623-4412-82f3-ec3f93d76ec7",
              "isHook": false,
              "skipped": false
            },
            {
              "title": "UNIT-040 should trim whitespace from message",
              "fullTitle": "Unit — Notification Formatter UNIT-040 should trim whitespace from message",
              "timedOut": false,
              "duration": 0,
              "state": "passed",
              "speed": "fast",
              "pass": true,
              "fail": false,
              "pending": false,
              "context": null,
              "code": "const start = Date.now();\nlet err = '';\ntry { await fn(); }\ncatch (e) { err = e.message; throw e; }\nfinally {\n  const dur = Date.now() - start;\n  recordResult({\n    testId: id, module: MODULE, testName: title, browser: 'N/A (Unit)',\n    status: err ? 'Failed' : 'Passed',\n    startTime: new Date(start).toISOString(),\n    endTime: new Date(Date.now()).toISOString(),\n    durationMs: dur, failureReason: err, screenshotPath: '', url: '',\n  });\n}",
              "err": {},
              "uuid": "262c7cd9-790a-433c-bcf4-4efa349ec301",
              "parentUUID": "832b432d-1623-4412-82f3-ec3f93d76ec7",
              "isHook": false,
              "skipped": false
            },
            {
              "title": "UNIT-041 should throw for unknown notification type",
              "fullTitle": "Unit — Notification Formatter UNIT-041 should throw for unknown notification type",
              "timedOut": false,
              "duration": 0,
              "state": "passed",
              "speed": "fast",
              "pass": true,
              "fail": false,
              "pending": false,
              "context": null,
              "code": "const start = Date.now();\nlet err = '';\ntry { await fn(); }\ncatch (e) { err = e.message; throw e; }\nfinally {\n  const dur = Date.now() - start;\n  recordResult({\n    testId: id, module: MODULE, testName: title, browser: 'N/A (Unit)',\n    status: err ? 'Failed' : 'Passed',\n    startTime: new Date(start).toISOString(),\n    endTime: new Date(Date.now()).toISOString(),\n    durationMs: dur, failureReason: err, screenshotPath: '', url: '',\n  });\n}",
              "err": {},
              "uuid": "ac6ed687-9603-4e9f-b472-26e97d02ddd7",
              "parentUUID": "832b432d-1623-4412-82f3-ec3f93d76ec7",
              "isHook": false,
              "skipped": false
            },
            {
              "title": "UNIT-042 should throw for unknown severity",
              "fullTitle": "Unit — Notification Formatter UNIT-042 should throw for unknown severity",
              "timedOut": false,
              "duration": 0,
              "state": "passed",
              "speed": "fast",
              "pass": true,
              "fail": false,
              "pending": false,
              "context": null,
              "code": "const start = Date.now();\nlet err = '';\ntry { await fn(); }\ncatch (e) { err = e.message; throw e; }\nfinally {\n  const dur = Date.now() - start;\n  recordResult({\n    testId: id, module: MODULE, testName: title, browser: 'N/A (Unit)',\n    status: err ? 'Failed' : 'Passed',\n    startTime: new Date(start).toISOString(),\n    endTime: new Date(Date.now()).toISOString(),\n    durationMs: dur, failureReason: err, screenshotPath: '', url: '',\n  });\n}",
              "err": {},
              "uuid": "0a55ec63-7f88-46b6-9db5-d03799b27887",
              "parentUUID": "832b432d-1623-4412-82f3-ec3f93d76ec7",
              "isHook": false,
              "skipped": false
            }
          ],
          "suites": [],
          "passes": [
            "652ab34f-ca32-4598-a90f-e64eee167460",
            "e74e2620-ea3d-4b59-a0eb-7a864aac36f3",
            "262c7cd9-790a-433c-bcf4-4efa349ec301",
            "ac6ed687-9603-4e9f-b472-26e97d02ddd7",
            "0a55ec63-7f88-46b6-9db5-d03799b27887"
          ],
          "failures": [],
          "pending": [],
          "skipped": [],
          "duration": 1,
          "root": false,
          "rootEmpty": false,
          "_timeout": 180000
        },
        {
          "uuid": "720f6b38-e73e-40d0-a51e-88da53fcc495",
          "title": "Unit — Route Name & Paginator",
          "fullFile": "C:\\Users\\soumy\\OneDrive\\Desktop\\PDD\\qa-automation\\tests\\specs\\unit-tests.spec.js",
          "file": "\\tests\\specs\\unit-tests.spec.js",
          "beforeHooks": [],
          "afterHooks": [],
          "tests": [
            {
              "title": "UNIT-043 should sanitise route name by removing special chars",
              "fullTitle": "Unit — Route Name & Paginator UNIT-043 should sanitise route name by removing special chars",
              "timedOut": false,
              "duration": 0,
              "state": "passed",
              "speed": "fast",
              "pass": true,
              "fail": false,
              "pending": false,
              "context": null,
              "code": "const start = Date.now();\nlet err = '';\ntry { await fn(); }\ncatch (e) { err = e.message; throw e; }\nfinally {\n  const dur = Date.now() - start;\n  recordResult({\n    testId: id, module: MODULE, testName: title, browser: 'N/A (Unit)',\n    status: err ? 'Failed' : 'Passed',\n    startTime: new Date(start).toISOString(),\n    endTime: new Date(Date.now()).toISOString(),\n    durationMs: dur, failureReason: err, screenshotPath: '', url: '',\n  });\n}",
              "err": {},
              "uuid": "f82d523f-913f-4dd5-b8ec-31917230e5aa",
              "parentUUID": "720f6b38-e73e-40d0-a51e-88da53fcc495",
              "isHook": false,
              "skipped": false
            },
            {
              "title": "UNIT-044 should trim whitespace from route name",
              "fullTitle": "Unit — Route Name & Paginator UNIT-044 should trim whitespace from route name",
              "timedOut": false,
              "duration": 0,
              "state": "passed",
              "speed": "fast",
              "pass": true,
              "fail": false,
              "pending": false,
              "context": null,
              "code": "const start = Date.now();\nlet err = '';\ntry { await fn(); }\ncatch (e) { err = e.message; throw e; }\nfinally {\n  const dur = Date.now() - start;\n  recordResult({\n    testId: id, module: MODULE, testName: title, browser: 'N/A (Unit)',\n    status: err ? 'Failed' : 'Passed',\n    startTime: new Date(start).toISOString(),\n    endTime: new Date(Date.now()).toISOString(),\n    durationMs: dur, failureReason: err, screenshotPath: '', url: '',\n  });\n}",
              "err": {},
              "uuid": "1f14acfa-77f9-45f6-a64d-63bacba73bcb",
              "parentUUID": "720f6b38-e73e-40d0-a51e-88da53fcc495",
              "isHook": false,
              "skipped": false
            },
            {
              "title": "UNIT-045 should return empty string for null route name",
              "fullTitle": "Unit — Route Name & Paginator UNIT-045 should return empty string for null route name",
              "timedOut": false,
              "duration": 0,
              "state": "passed",
              "speed": "fast",
              "pass": true,
              "fail": false,
              "pending": false,
              "context": null,
              "code": "const start = Date.now();\nlet err = '';\ntry { await fn(); }\ncatch (e) { err = e.message; throw e; }\nfinally {\n  const dur = Date.now() - start;\n  recordResult({\n    testId: id, module: MODULE, testName: title, browser: 'N/A (Unit)',\n    status: err ? 'Failed' : 'Passed',\n    startTime: new Date(start).toISOString(),\n    endTime: new Date(Date.now()).toISOString(),\n    durationMs: dur, failureReason: err, screenshotPath: '', url: '',\n  });\n}",
              "err": {},
              "uuid": "13abcf46-441f-4e49-b3ec-be61fb12ce75",
              "parentUUID": "720f6b38-e73e-40d0-a51e-88da53fcc495",
              "isHook": false,
              "skipped": false
            },
            {
              "title": "UNIT-046 paginate should return correct slice for page 1",
              "fullTitle": "Unit — Route Name & Paginator UNIT-046 paginate should return correct slice for page 1",
              "timedOut": false,
              "duration": 1,
              "state": "passed",
              "speed": "fast",
              "pass": true,
              "fail": false,
              "pending": false,
              "context": null,
              "code": "const start = Date.now();\nlet err = '';\ntry { await fn(); }\ncatch (e) { err = e.message; throw e; }\nfinally {\n  const dur = Date.now() - start;\n  recordResult({\n    testId: id, module: MODULE, testName: title, browser: 'N/A (Unit)',\n    status: err ? 'Failed' : 'Passed',\n    startTime: new Date(start).toISOString(),\n    endTime: new Date(Date.now()).toISOString(),\n    durationMs: dur, failureReason: err, screenshotPath: '', url: '',\n  });\n}",
              "err": {},
              "uuid": "92cf3077-a5af-4d61-9a23-b2b354f7aedd",
              "parentUUID": "720f6b38-e73e-40d0-a51e-88da53fcc495",
              "isHook": false,
              "skipped": false
            },
            {
              "title": "UNIT-047 paginate should return correct slice for page 3",
              "fullTitle": "Unit — Route Name & Paginator UNIT-047 paginate should return correct slice for page 3",
              "timedOut": false,
              "duration": 0,
              "state": "passed",
              "speed": "fast",
              "pass": true,
              "fail": false,
              "pending": false,
              "context": null,
              "code": "const start = Date.now();\nlet err = '';\ntry { await fn(); }\ncatch (e) { err = e.message; throw e; }\nfinally {\n  const dur = Date.now() - start;\n  recordResult({\n    testId: id, module: MODULE, testName: title, browser: 'N/A (Unit)',\n    status: err ? 'Failed' : 'Passed',\n    startTime: new Date(start).toISOString(),\n    endTime: new Date(Date.now()).toISOString(),\n    durationMs: dur, failureReason: err, screenshotPath: '', url: '',\n  });\n}",
              "err": {},
              "uuid": "6ac4a1e4-9b11-47d8-b07c-de2f3399fa3e",
              "parentUUID": "720f6b38-e73e-40d0-a51e-88da53fcc495",
              "isHook": false,
              "skipped": false
            }
          ],
          "suites": [],
          "passes": [
            "f82d523f-913f-4dd5-b8ec-31917230e5aa",
            "1f14acfa-77f9-45f6-a64d-63bacba73bcb",
            "13abcf46-441f-4e49-b3ec-be61fb12ce75",
            "92cf3077-a5af-4d61-9a23-b2b354f7aedd",
            "6ac4a1e4-9b11-47d8-b07c-de2f3399fa3e"
          ],
          "failures": [],
          "pending": [],
          "skipped": [],
          "duration": 1,
          "root": false,
          "rootEmpty": false,
          "_timeout": 180000
        },
        {
          "uuid": "dbf67579-b26d-4a22-8e72-c22635683d1b",
          "title": "Unit — Announcements & Date Helpers",
          "fullFile": "C:\\Users\\soumy\\OneDrive\\Desktop\\PDD\\qa-automation\\tests\\specs\\unit-tests.spec.js",
          "file": "\\tests\\specs\\unit-tests.spec.js",
          "beforeHooks": [],
          "afterHooks": [],
          "tests": [
            {
              "title": "UNIT-048 should build valid announcement payload for all roles",
              "fullTitle": "Unit — Announcements & Date Helpers UNIT-048 should build valid announcement payload for all roles",
              "timedOut": false,
              "duration": 1,
              "state": "passed",
              "speed": "fast",
              "pass": true,
              "fail": false,
              "pending": false,
              "context": null,
              "code": "const start = Date.now();\nlet err = '';\ntry { await fn(); }\ncatch (e) { err = e.message; throw e; }\nfinally {\n  const dur = Date.now() - start;\n  recordResult({\n    testId: id, module: MODULE, testName: title, browser: 'N/A (Unit)',\n    status: err ? 'Failed' : 'Passed',\n    startTime: new Date(start).toISOString(),\n    endTime: new Date(Date.now()).toISOString(),\n    durationMs: dur, failureReason: err, screenshotPath: '', url: '',\n  });\n}",
              "err": {},
              "uuid": "b47aa99e-e864-46e3-914c-105d8c7e252e",
              "parentUUID": "dbf67579-b26d-4a22-8e72-c22635683d1b",
              "isHook": false,
              "skipped": false
            },
            {
              "title": "UNIT-049 should throw if announcement title is missing",
              "fullTitle": "Unit — Announcements & Date Helpers UNIT-049 should throw if announcement title is missing",
              "timedOut": false,
              "duration": 0,
              "state": "passed",
              "speed": "fast",
              "pass": true,
              "fail": false,
              "pending": false,
              "context": null,
              "code": "const start = Date.now();\nlet err = '';\ntry { await fn(); }\ncatch (e) { err = e.message; throw e; }\nfinally {\n  const dur = Date.now() - start;\n  recordResult({\n    testId: id, module: MODULE, testName: title, browser: 'N/A (Unit)',\n    status: err ? 'Failed' : 'Passed',\n    startTime: new Date(start).toISOString(),\n    endTime: new Date(Date.now()).toISOString(),\n    durationMs: dur, failureReason: err, screenshotPath: '', url: '',\n  });\n}",
              "err": {},
              "uuid": "8b0b1f4a-c6f8-4f96-b356-481056da6c00",
              "parentUUID": "dbf67579-b26d-4a22-8e72-c22635683d1b",
              "isHook": false,
              "skipped": false
            },
            {
              "title": "UNIT-050 should throw for invalid target role",
              "fullTitle": "Unit — Announcements & Date Helpers UNIT-050 should throw for invalid target role",
              "timedOut": false,
              "duration": 1,
              "state": "passed",
              "speed": "fast",
              "pass": true,
              "fail": false,
              "pending": false,
              "context": null,
              "code": "const start = Date.now();\nlet err = '';\ntry { await fn(); }\ncatch (e) { err = e.message; throw e; }\nfinally {\n  const dur = Date.now() - start;\n  recordResult({\n    testId: id, module: MODULE, testName: title, browser: 'N/A (Unit)',\n    status: err ? 'Failed' : 'Passed',\n    startTime: new Date(start).toISOString(),\n    endTime: new Date(Date.now()).toISOString(),\n    durationMs: dur, failureReason: err, screenshotPath: '', url: '',\n  });\n}",
              "err": {},
              "uuid": "b68ffa92-e285-4fbb-91f6-abce260d5c37",
              "parentUUID": "dbf67579-b26d-4a22-8e72-c22635683d1b",
              "isHook": false,
              "skipped": false
            },
            {
              "title": "UNIT-051 7am should be within school hours",
              "fullTitle": "Unit — Announcements & Date Helpers UNIT-051 7am should be within school hours",
              "timedOut": false,
              "duration": 0,
              "state": "passed",
              "speed": "fast",
              "pass": true,
              "fail": false,
              "pending": false,
              "context": null,
              "code": "const start = Date.now();\nlet err = '';\ntry { await fn(); }\ncatch (e) { err = e.message; throw e; }\nfinally {\n  const dur = Date.now() - start;\n  recordResult({\n    testId: id, module: MODULE, testName: title, browser: 'N/A (Unit)',\n    status: err ? 'Failed' : 'Passed',\n    startTime: new Date(start).toISOString(),\n    endTime: new Date(Date.now()).toISOString(),\n    durationMs: dur, failureReason: err, screenshotPath: '', url: '',\n  });\n}",
              "err": {},
              "uuid": "2e0a8041-1469-4340-ad8f-017ec86993fc",
              "parentUUID": "dbf67579-b26d-4a22-8e72-c22635683d1b",
              "isHook": false,
              "skipped": false
            },
            {
              "title": "UNIT-052 3am should be outside school hours",
              "fullTitle": "Unit — Announcements & Date Helpers UNIT-052 3am should be outside school hours",
              "timedOut": false,
              "duration": 0,
              "state": "passed",
              "speed": "fast",
              "pass": true,
              "fail": false,
              "pending": false,
              "context": null,
              "code": "const start = Date.now();\nlet err = '';\ntry { await fn(); }\ncatch (e) { err = e.message; throw e; }\nfinally {\n  const dur = Date.now() - start;\n  recordResult({\n    testId: id, module: MODULE, testName: title, browser: 'N/A (Unit)',\n    status: err ? 'Failed' : 'Passed',\n    startTime: new Date(start).toISOString(),\n    endTime: new Date(Date.now()).toISOString(),\n    durationMs: dur, failureReason: err, screenshotPath: '', url: '',\n  });\n}",
              "err": {},
              "uuid": "8f49b7d5-c2b8-4ff7-b444-19fa7e2ada6e",
              "parentUUID": "dbf67579-b26d-4a22-8e72-c22635683d1b",
              "isHook": false,
              "skipped": false
            }
          ],
          "suites": [],
          "passes": [
            "b47aa99e-e864-46e3-914c-105d8c7e252e",
            "8b0b1f4a-c6f8-4f96-b356-481056da6c00",
            "b68ffa92-e285-4fbb-91f6-abce260d5c37",
            "2e0a8041-1469-4340-ad8f-017ec86993fc",
            "8f49b7d5-c2b8-4ff7-b444-19fa7e2ada6e"
          ],
          "failures": [],
          "pending": [],
          "skipped": [],
          "duration": 2,
          "root": false,
          "rootEmpty": false,
          "_timeout": 180000
        },
        {
          "uuid": "c5c04103-b221-4c98-a758-7bf927a00a68",
          "title": "Load — Baseline Response Times",
          "fullFile": "C:\\Users\\soumy\\OneDrive\\Desktop\\PDD\\qa-automation\\tests\\specs\\load-tests.spec.js",
          "file": "\\tests\\specs\\load-tests.spec.js",
          "beforeHooks": [],
          "afterHooks": [],
          "tests": [
            {
              "title": "LOAD-001 home page should respond within 3s",
              "fullTitle": "Load — Baseline Response Times LOAD-001 home page should respond within 3s",
              "timedOut": false,
              "duration": 279,
              "state": "passed",
              "speed": "slow",
              "pass": true,
              "fail": false,
              "pending": false,
              "context": null,
              "code": "const start = Date.now();\nlet errMsg = '';\ntry {\n  await testFn.call(this);\n} catch (e) {\n  errMsg = e.message;\n  throw e;\n} finally {\n  const dur = Date.now() - start;\n  recordResult({\n    testId       : `LOAD-${Math.abs(this.test.title.length * 23 + dur % 9999)}`,\n    module       : MODULE,\n    testName     : this.test.title,\n    browser      : 'N/A (HTTP)',\n    status       : errMsg ? 'Failed' : 'Passed',\n    startTime    : new Date(start).toISOString(),\n    endTime      : new Date(Date.now()).toISOString(),\n    durationMs   : dur,\n    failureReason: errMsg,\n    screenshotPath: '',\n    url          : BASE,\n  });\n}",
              "err": {},
              "uuid": "df92216d-450c-4596-ba74-868f73a117e0",
              "parentUUID": "c5c04103-b221-4c98-a758-7bf927a00a68",
              "isHook": false,
              "skipped": false
            },
            {
              "title": "LOAD-002 /login page should respond within 3s",
              "fullTitle": "Load — Baseline Response Times LOAD-002 /login page should respond within 3s",
              "timedOut": false,
              "duration": 80,
              "state": "passed",
              "speed": "slow",
              "pass": true,
              "fail": false,
              "pending": false,
              "context": null,
              "code": "const start = Date.now();\nlet errMsg = '';\ntry {\n  await testFn.call(this);\n} catch (e) {\n  errMsg = e.message;\n  throw e;\n} finally {\n  const dur = Date.now() - start;\n  recordResult({\n    testId       : `LOAD-${Math.abs(this.test.title.length * 23 + dur % 9999)}`,\n    module       : MODULE,\n    testName     : this.test.title,\n    browser      : 'N/A (HTTP)',\n    status       : errMsg ? 'Failed' : 'Passed',\n    startTime    : new Date(start).toISOString(),\n    endTime      : new Date(Date.now()).toISOString(),\n    durationMs   : dur,\n    failureReason: errMsg,\n    screenshotPath: '',\n    url          : BASE,\n  });\n}",
              "err": {},
              "uuid": "2307eff1-3842-45c6-963b-a8574d4615be",
              "parentUUID": "c5c04103-b221-4c98-a758-7bf927a00a68",
              "isHook": false,
              "skipped": false
            },
            {
              "title": "LOAD-003 /forgot-password page should respond within 5s",
              "fullTitle": "Load — Baseline Response Times LOAD-003 /forgot-password page should respond within 5s",
              "timedOut": false,
              "duration": 117,
              "state": "passed",
              "speed": "slow",
              "pass": true,
              "fail": false,
              "pending": false,
              "context": null,
              "code": "const start = Date.now();\nlet errMsg = '';\ntry {\n  await testFn.call(this);\n} catch (e) {\n  errMsg = e.message;\n  throw e;\n} finally {\n  const dur = Date.now() - start;\n  recordResult({\n    testId       : `LOAD-${Math.abs(this.test.title.length * 23 + dur % 9999)}`,\n    module       : MODULE,\n    testName     : this.test.title,\n    browser      : 'N/A (HTTP)',\n    status       : errMsg ? 'Failed' : 'Passed',\n    startTime    : new Date(start).toISOString(),\n    endTime      : new Date(Date.now()).toISOString(),\n    durationMs   : dur,\n    failureReason: errMsg,\n    screenshotPath: '',\n    url          : BASE,\n  });\n}",
              "err": {},
              "uuid": "0e61c5ab-f537-49ba-ade6-75e8ce8247b8",
              "parentUUID": "c5c04103-b221-4c98-a758-7bf927a00a68",
              "isHook": false,
              "skipped": false
            },
            {
              "title": "LOAD-004 /app/admin should redirect/respond within 5s",
              "fullTitle": "Load — Baseline Response Times LOAD-004 /app/admin should redirect/respond within 5s",
              "timedOut": false,
              "duration": 74,
              "state": "passed",
              "speed": "medium",
              "pass": true,
              "fail": false,
              "pending": false,
              "context": null,
              "code": "const start = Date.now();\nlet errMsg = '';\ntry {\n  await testFn.call(this);\n} catch (e) {\n  errMsg = e.message;\n  throw e;\n} finally {\n  const dur = Date.now() - start;\n  recordResult({\n    testId       : `LOAD-${Math.abs(this.test.title.length * 23 + dur % 9999)}`,\n    module       : MODULE,\n    testName     : this.test.title,\n    browser      : 'N/A (HTTP)',\n    status       : errMsg ? 'Failed' : 'Passed',\n    startTime    : new Date(start).toISOString(),\n    endTime      : new Date(Date.now()).toISOString(),\n    durationMs   : dur,\n    failureReason: errMsg,\n    screenshotPath: '',\n    url          : BASE,\n  });\n}",
              "err": {},
              "uuid": "a7e05177-9636-4591-8d1d-cf4c52928f8e",
              "parentUUID": "c5c04103-b221-4c98-a758-7bf927a00a68",
              "isHook": false,
              "skipped": false
            },
            {
              "title": "LOAD-005 /app/driver should redirect/respond within 5s",
              "fullTitle": "Load — Baseline Response Times LOAD-005 /app/driver should redirect/respond within 5s",
              "timedOut": false,
              "duration": 76,
              "state": "passed",
              "speed": "slow",
              "pass": true,
              "fail": false,
              "pending": false,
              "context": null,
              "code": "const start = Date.now();\nlet errMsg = '';\ntry {\n  await testFn.call(this);\n} catch (e) {\n  errMsg = e.message;\n  throw e;\n} finally {\n  const dur = Date.now() - start;\n  recordResult({\n    testId       : `LOAD-${Math.abs(this.test.title.length * 23 + dur % 9999)}`,\n    module       : MODULE,\n    testName     : this.test.title,\n    browser      : 'N/A (HTTP)',\n    status       : errMsg ? 'Failed' : 'Passed',\n    startTime    : new Date(start).toISOString(),\n    endTime      : new Date(Date.now()).toISOString(),\n    durationMs   : dur,\n    failureReason: errMsg,\n    screenshotPath: '',\n    url          : BASE,\n  });\n}",
              "err": {},
              "uuid": "8897c482-73f5-44e8-95ef-faa5a9bb111c",
              "parentUUID": "c5c04103-b221-4c98-a758-7bf927a00a68",
              "isHook": false,
              "skipped": false
            },
            {
              "title": "LOAD-006 /app/parent should redirect/respond within 5s",
              "fullTitle": "Load — Baseline Response Times LOAD-006 /app/parent should redirect/respond within 5s",
              "timedOut": false,
              "duration": 63,
              "state": "passed",
              "speed": "medium",
              "pass": true,
              "fail": false,
              "pending": false,
              "context": null,
              "code": "const start = Date.now();\nlet errMsg = '';\ntry {\n  await testFn.call(this);\n} catch (e) {\n  errMsg = e.message;\n  throw e;\n} finally {\n  const dur = Date.now() - start;\n  recordResult({\n    testId       : `LOAD-${Math.abs(this.test.title.length * 23 + dur % 9999)}`,\n    module       : MODULE,\n    testName     : this.test.title,\n    browser      : 'N/A (HTTP)',\n    status       : errMsg ? 'Failed' : 'Passed',\n    startTime    : new Date(start).toISOString(),\n    endTime      : new Date(Date.now()).toISOString(),\n    durationMs   : dur,\n    failureReason: errMsg,\n    screenshotPath: '',\n    url          : BASE,\n  });\n}",
              "err": {},
              "uuid": "5275bbfc-7eb3-49ac-aede-e12f4a7b81b0",
              "parentUUID": "c5c04103-b221-4c98-a758-7bf927a00a68",
              "isHook": false,
              "skipped": false
            },
            {
              "title": "LOAD-007 unknown route should respond within 5s (no hang)",
              "fullTitle": "Load — Baseline Response Times LOAD-007 unknown route should respond within 5s (no hang)",
              "timedOut": false,
              "duration": 81,
              "state": "passed",
              "speed": "slow",
              "pass": true,
              "fail": false,
              "pending": false,
              "context": null,
[...]
              "err": {},
              "uuid": "33d23d7c-5c96-4340-b0a4-ec2ab6d9f090",
              "parentUUID": "188fa3b8-0a97-4938-863e-4a5f2664251d",
              "isHook": false,
              "skipped": false
            }
          ],
          "suites": [],
          "passes": [
            "a8f19098-d684-4919-87f2-68b10a68d282",
            "271cf68f-169b-416a-870f-2d0dcbe63619",
            "e48d161d-887d-4586-a5dc-5623f0e486d4",
            "ed26f0f8-1a20-4398-b40a-53e1f92c8511",
            "33d23d7c-5c96-4340-b0a4-ec2ab6d9f090"
          ],
          "failures": [],
          "pending": [],
          "skipped": [],
          "duration": 290,
          "root": false,
          "rootEmpty": false,
          "_timeout": 90000
        },
        {
          "uuid": "28562220-1216-4298-b4ab-f02a3b4f2cda",
          "title": "Mobile — Navigation & Gestures",
          "fullFile": "C:\\Users\\soumy\\OneDrive\\Desktop\\PDD\\qa-automation\\tests\\specs\\appium-mobile.spec.js",
          "file": "\\tests\\specs\\appium-mobile.spec.js",
          "beforeHooks": [
            {
              "title": "\"before all\" hook in \"Mobile — Navigation & Gestures\"",
              "fullTitle": "Mobile — Navigation & Gestures \"before all\" hook in \"Mobile — Navigation & Gestures\"",
              "timedOut": false,
              "duration": 44,
              "state": null,
              "speed": null,
              "pass": false,
              "fail": false,
              "pending": false,
              "context": null,
              "code": "appiumAvailable = await checkAppiumAvailable();\nif (!appiumAvailable) {\n  console.warn('  [APPIUM] Server not available at localhost:4723 — mobile tests will be marked Skipped');\n}",
              "err": {},
              "uuid": "0adf64e2-a1f0-4950-afc0-af80e6eb1830",
              "parentUUID": "28562220-1216-4298-b4ab-f02a3b4f2cda",
              "isHook": true,
              "skipped": false
            },
            {
              "title": "\"before each\" hook in \"Mobile — Navigation & Gestures\"",
              "fullTitle": "Mobile — Navigation & Gestures \"before each\" hook in \"Mobile — Navigation & Gestures\"",
              "timedOut": false,
              "duration": 0,
              "state": null,
              "speed": null,
              "pass": false,
              "fail": false,
              "pending": false,
              "context": null,
              "code": "global.currentTestName = this.currentTest.title;\ngetCtx().currentTest = this.currentTest;\ngetCtx().startTime = Date.now();\ngetCtx().appiumAvailable = appiumAvailable;\nif (needsDriver && appiumAvailable) {\n  try {\n    getCtx().driver = await buildAppiumDriver();\n  } catch (e) {\n    getCtx().driver = null;\n    getCtx().driverError = e.message;\n  }\n}",
              "err": {},
              "uuid": "e5a513f8-0084-47b7-99e0-124f4ac7e519",
              "parentUUID": "28562220-1216-4298-b4ab-f02a3b4f2cda",
              "isHook": true,
              "skipped": false
            }
          ],
          "afterHooks": [
            {
              "title": "\"after each\" hook in \"Mobile — Navigation & Gestures\"",
              "fullTitle": "Mobile — Navigation & Gestures \"after each\" hook in \"Mobile — Navigation & Gestures\"",
              "timedOut": false,
              "duration": 0,
              "state": null,
              "speed": null,
              "pass": false,
              "fail": false,
              "pending": false,
              "context": null,
              "code": "const ctx = getCtx();\nconst end = Date.now();\nconst dur = end - ctx.startTime;\nlet st;\nif (!ctx.appiumAvailable || ctx.driverError) {\n  st = 'Skipped';\n} else {\n  st = ctx.currentTest.state === 'passed' ? 'Passed'\n     : ctx.currentTest.state === 'pending' ? 'Skipped' : 'Failed';\n}\nrecordResult({\n  testId: `MOB-${Math.abs(ctx.currentTest.title.length * 37 + dur % 9999)}`,\n  module: MODULE, testName: ctx.currentTest.title, browser: 'Android/Appium',\n  status: st, startTime: new Date(ctx.startTime).toISOString(),\n  endTime: new Date(end).toISOString(), durationMs: dur,\n  failureReason: ctx.driverError || (ctx.currentTest.err ? ctx.currentTest.err.message : ''),\n  screenshotPath: '', url: 'mobile://blue-horizon-app',\n});\nif (ctx.driver) { try { await ctx.driver.quit(); } catch {} }\nctx.driver = null;\nctx.driverError = null;",
              "err": {},
              "uuid": "52e832da-2e50-4861-858e-89eb45053770",
              "parentUUID": "28562220-1216-4298-b4ab-f02a3b4f2cda",
              "isHook": true,
              "skipped": false
            }
          ],
          "tests": [
            {
              "title": "MOB-024 app should respond to Android back button",
              "fullTitle": "Mobile — Navigation & Gestures MOB-024 app should respond to Android back button",
              "timedOut": false,
              "duration": 39,
              "state": "passed",
              "speed": "medium",
              "pass": true,
              "fail": false,
              "pending": false,
              "context": null,
              "code": "if (skipIfUnavailable(s)) return;\nawait s.driver.sleep(4000);\ntry {\n  await s.driver.pressKeyCode(4); // KEYCODE_BACK\n} catch {}\nconst src = await s.driver.getPageSource();\nexpect(src.length).to.be.above(50);",
              "err": {},
              "uuid": "cbbc0e42-b409-419a-88ec-8432d3ab8d45",
              "parentUUID": "28562220-1216-4298-b4ab-f02a3b4f2cda",
              "isHook": false,
              "skipped": false
            },
            {
              "title": "MOB-025 app should handle device rotation (portrait to landscape)",
              "fullTitle": "Mobile — Navigation & Gestures MOB-025 app should handle device rotation (portrait to landscape)",
              "timedOut": false,
              "duration": 60,
              "state": "passed",
              "speed": "medium",
              "pass": true,
              "fail": false,
              "pending": false,
              "context": null,
              "code": "if (skipIfUnavailable(s)) return;\nawait s.driver.sleep(3000);\ntry {\n  await s.driver.setOrientation('LANDSCAPE');\n  await s.driver.sleep(1000);\n  const src = await s.driver.getPageSource();\n  expect(src.length).to.be.above(50);\n  await s.driver.setOrientation('PORTRAIT');\n} catch {\n  // setOrientation may not be supported on all devices\n  expect(true).to.equal(true);\n}",
              "err": {},
              "uuid": "983a26ca-25d1-4112-9f80-987a0e7fa377",
              "parentUUID": "28562220-1216-4298-b4ab-f02a3b4f2cda",
              "isHook": false,
              "skipped": false
            },
            {
              "title": "MOB-026 app should support pinch-to-zoom on map/tracking view",
              "fullTitle": "Mobile — Navigation & Gestures MOB-026 app should support pinch-to-zoom on map/tracking view",
              "timedOut": false,
              "duration": 71,
              "state": "passed",
              "speed": "medium",
              "pass": true,
              "fail": false,
              "pending": false,
              "context": null,
              "code": "if (skipIfUnavailable(s)) return;\nawait s.driver.sleep(3000);\n// Just verify map/tracking view exists without crashing\nconst src = await s.driver.getPageSource();\nexpect(src.length).to.be.above(50);",
              "err": {},
              "uuid": "e70f4866-2229-4d40-86bf-b67befbbc34e",
              "parentUUID": "28562220-1216-4298-b4ab-f02a3b4f2cda",
              "isHook": false,
              "skipped": false
            },
            {
              "title": "MOB-027 app should not crash when switching between background and foreground",
              "fullTitle": "Mobile — Navigation & Gestures MOB-027 app should not crash when switching between background and foreground",
              "timedOut": false,
              "duration": 99,
              "state": "passed",
              "speed": "slow",
              "pass": true,
              "fail": false,
              "pending": false,
              "context": null,
              "code": "if (skipIfUnavailable(s)) return;\ntry {\n  await s.driver.runAppInBackground(2); // background for 2 seconds\n} catch {}\nawait s.driver.sleep(3000);\nconst src = await s.driver.getPageSource();\nexpect(src.length).to.be.above(50);",
              "err": {},
              "uuid": "c40603a2-5704-4234-b4c7-a039c256266e",
              "parentUUID": "28562220-1216-4298-b4ab-f02a3b4f2cda",
              "isHook": false,
              "skipped": false
            },
            {
              "title": "MOB-028 keyboard should dismiss when tapping outside input field",
              "fullTitle": "Mobile — Navigation & Gestures MOB-028 keyboard should dismiss when tapping outside input field",
              "timedOut": false,
              "duration": 58,
              "state": "passed",
              "speed": "medium",
              "pass": true,
              "fail": false,
              "pending": false,
              "context": null,
              "code": "if (skipIfUnavailable(s)) return;\nawait s.driver.sleep(4000);\ntry {\n  const emailField = await s.driver.findElement(\n    WdBy.xpath('//*[contains(@resource-id,\"email\") or @text=\"Email address\"]')\n  );\n  await emailField.click();\n  await s.driver.sleep(500);\n  await s.driver.hideKeyboard();\n} catch {}\nexpect(true).to.equal(true);",
              "err": {},
              "uuid": "f713c7c8-d5eb-4072-b84e-6f1ff3f4fdb7",
              "parentUUID": "28562220-1216-4298-b4ab-f02a3b4f2cda",
              "isHook": false,
              "skipped": false
            }
          ],
          "suites": [],
          "passes": [
            "cbbc0e42-b409-419a-88ec-8432d3ab8d45",
            "983a26ca-25d1-4112-9f80-987a0e7fa377",
            "e70f4866-2229-4d40-86bf-b67befbbc34e",
            "c40603a2-5704-4234-b4c7-a039c256266e",
            "f713c7c8-d5eb-4072-b84e-6f1ff3f4fdb7"
          ],
          "failures": [],
          "pending": [],
          "skipped": [],
          "duration": 327,
          "root": false,
          "rootEmpty": false,
          "_timeout": 60000
        },
        {
          "uuid": "5a82ca09-0d04-4799-9d69-aba6ca1657d1",
          "title": "Mobile — Performance & Error Handling",
          "fullFile": "C:\\Users\\soumy\\OneDrive\\Desktop\\PDD\\qa-automation\\tests\\specs\\appium-mobile.spec.js",
          "file": "\\tests\\specs\\appium-mobile.spec.js",
          "beforeHooks": [
            {
              "title": "\"before all\" hook in \"Mobile — Performance & Error Handling\"",
              "fullTitle": "Mobile — Performance & Error Handling \"before all\" hook in \"Mobile — Performance & Error Handling\"",
              "timedOut": false,
              "duration": 51,
              "state": null,
              "speed": null,
              "pass": false,
              "fail": false,
              "pending": false,
              "context": null,
              "code": "appiumAvailable = await checkAppiumAvailable();\nif (!appiumAvailable) {\n  console.warn('  [APPIUM] Server not available at localhost:4723 — mobile tests will be marked Skipped');\n}",
              "err": {},
              "uuid": "3501bf05-5121-4741-abe4-10dc36c4c6e1",
              "parentUUID": "5a82ca09-0d04-4799-9d69-aba6ca1657d1",
              "isHook": true,
              "skipped": false
            },
            {
              "title": "\"before each\" hook in \"Mobile — Performance & Error Handling\"",
              "fullTitle": "Mobile — Performance & Error Handling \"before each\" hook in \"Mobile — Performance & Error Handling\"",
              "timedOut": false,
              "duration": 0,
              "state": null,
              "speed": null,
              "pass": false,
              "fail": false,
              "pending": false,
              "context": null,
              "code": "global.currentTestName = this.currentTest.title;\ngetCtx().currentTest = this.currentTest;\ngetCtx().startTime = Date.now();\ngetCtx().appiumAvailable = appiumAvailable;\nif (needsDriver && appiumAvailable) {\n  try {\n    getCtx().driver = await buildAppiumDriver();\n  } catch (e) {\n    getCtx().driver = null;\n    getCtx().driverError = e.message;\n  }\n}",
              "err": {},
              "uuid": "30b5b7ce-6e55-469d-b795-6b10339d4f34",
              "parentUUID": "5a82ca09-0d04-4799-9d69-aba6ca1657d1",
              "isHook": true,
              "skipped": false
            }
          ],
          "afterHooks": [
            {
              "title": "\"after each\" hook in \"Mobile — Performance & Error Handling\"",
              "fullTitle": "Mobile — Performance & Error Handling \"after each\" hook in \"Mobile — Performance & Error Handling\"",
              "timedOut": false,
              "duration": 0,
              "state": null,
              "speed": null,
              "pass": false,
              "fail": false,
              "pending": false,
              "context": null,
              "code": "const ctx = getCtx();\nconst end = Date.now();\nconst dur = end - ctx.startTime;\nlet st;\nif (!ctx.appiumAvailable || ctx.driverError) {\n  st = 'Skipped';\n} else {\n  st = ctx.currentTest.state === 'passed' ? 'Passed'\n     : ctx.currentTest.state === 'pending' ? 'Skipped' : 'Failed';\n}\nrecordResult({\n  testId: `MOB-${Math.abs(ctx.currentTest.title.length * 37 + dur % 9999)}`,\n  module: MODULE, testName: ctx.currentTest.title, browser: 'Android/Appium',\n  status: st, startTime: new Date(ctx.startTime).toISOString(),\n  endTime: new Date(end).toISOString(), durationMs: dur,\n  failureReason: ctx.driverError || (ctx.currentTest.err ? ctx.currentTest.err.message : ''),\n  screenshotPath: '', url: 'mobile://blue-horizon-app',\n});\nif (ctx.driver) { try { await ctx.driver.quit(); } catch {} }\nctx.driver = null;\nctx.driverError = null;",
              "err": {},
              "uuid": "0434087e-4623-402b-a9bb-69cee35ba2e6",
              "parentUUID": "5a82ca09-0d04-4799-9d69-aba6ca1657d1",
              "isHook": true,
              "skipped": false
            }
          ],
          "tests": [
            {
              "title": "MOB-029 app should launch and reach login screen within 10 seconds",
              "fullTitle": "Mobile — Performance & Error Handling MOB-029 app should launch and reach login screen within 10 seconds",
              "timedOut": false,
              "duration": 62,
              "state": "passed",
              "speed": "medium",
              "pass": true,
              "fail": false,
              "pending": false,
              "context": null,
              "code": "if (skipIfUnavailable(s)) return;\nconst start = Date.now();\nawait s.driver.sleep(5000); // wait for load\nconst src = await s.driver.getPageSource();\nconst elapsed = Date.now() - start;\nexpect(src.toLowerCase()).to.satisfy(p =>\n  p.includes('login') || p.includes('email') || p.includes('blue horizon'));\nexpect(elapsed).to.be.below(10000);",
              "err": {},
              "uuid": "ed51b264-045d-464c-94b4-babd15aca49a",
              "parentUUID": "5a82ca09-0d04-4799-9d69-aba6ca1657d1",
              "isHook": false,
              "skipped": false
            },
            {
              "title": "MOB-030 app should show error when network is unavailable",
              "fullTitle": "Mobile — Performance & Error Handling MOB-030 app should show error when network is unavailable",
              "timedOut": false,
              "duration": 95,
              "state": "passed",
              "speed": "slow",
              "pass": true,
              "fail": false,
              "pending": false,
              "context": null,
              "code": "if (skipIfUnavailable(s)) return;\n// Simulate network off (toggle airplane mode via adb)\ntry {\n  await s.driver.setNetworkConditions({ offline: true, latency: 0, download_throughput: 0, upload_throughput: 0 });\n  await s.driver.sleep(2000);\n  const src = await s.driver.getPageSource();\n  expect(src.toLowerCase()).to.satisfy(p =>\n    p.includes('network') || p.includes('offline') || p.includes('connection') || p.length > 50);\n} catch {\n  // Network simulation may not be supported — gracefully pass\n  expect(true).to.equal(true);\n}",
              "err": {},
              "uuid": "0c26ce9a-9253-4558-9838-9244888cf77a",
              "parentUUID": "5a82ca09-0d04-4799-9d69-aba6ca1657d1",
              "isHook": false,
              "skipped": false
            },
            {
              "title": "MOB-031 app memory should not exceed baseline on home screen",
              "fullTitle": "Mobile — Performance & Error Handling MOB-031 app memory should not exceed baseline on home screen",
              "timedOut": false,
              "duration": 28,
              "state": "passed",
              "speed": "fast",
              "pass": true,
              "fail": false,
              "pending": false,
              "context": null,
              "code": "if (skipIfUnavailable(s)) return;\nawait s.driver.sleep(5000);\n// Just ensure app is still running\nconst src = await s.driver.getPageSource();\nexpect(src.length).to.be.above(50);",
              "err": {},
              "uuid": "1d21785b-6661-418c-9fe9-fe69437b6a4d",
              "parentUUID": "5a82ca09-0d04-4799-9d69-aba6ca1657d1",
              "isHook": false,
              "skipped": false
            },
            {
              "title": "MOB-032 app should handle low-storage gracefully without crash",
              "fullTitle": "Mobile — Performance & Error Handling MOB-032 app should handle low-storage gracefully without crash",
              "timedOut": false,
              "duration": 29,
              "state": "passed",
              "speed": "fast",
              "pass": true,
              "fail": false,
              "pending": false,
              "context": null,
              "code": "if (skipIfUnavailable(s)) return;\nawait s.driver.sleep(3000);\nconst src = await s.driver.getPageSource();\n// App should still be alive\nexpect(src.length).to.be.above(50);",
              "err": {},
              "uuid": "cce45e62-51bf-48a4-92ec-c764114e1c2c",
              "parentUUID": "5a82ca09-0d04-4799-9d69-aba6ca1657d1",
              "isHook": false,
              "skipped": false
            }
          ],
          "suites": [],
          "passes": [
            "ed51b264-045d-464c-94b4-babd15aca49a",
            "0c26ce9a-9253-4558-9838-9244888cf77a",
            "1d21785b-6661-418c-9fe9-fe69437b6a4d",
            "cce45e62-51bf-48a4-92ec-c764114e1c2c"
          ],
          "failures": [],
          "pending": [],
          "skipped": [],
          "duration": 214,
          "root": false,
          "rootEmpty": false,
          "_timeout": 60000
        }
      ],
      "passes": [],
      "failures": [],
      "pending": [],
      "skipped": [],
      "duration": 0,
      "root": true,
      "rootEmpty": true,
      "_timeout": 180000
    }
  ],
  "meta": {
    "mocha": {
      "version": "10.8.2"
    },
    "mochawesome": {
      "options": {
        "quiet": false,
        "reportFilename": "mochawesome",
        "saveHtml": true,
        "saveJson": true,
        "consoleReporter": "spec",
        "useInlineDiffs": false,
        "code": true
      },
      "version": "7.1.4"
    },
    "marge": {
      "options": {
        "reportDir": "reports/html",
        "reportFilename": "mochawesome",
        "overwrite": "false",
        "html": "true",
        "json": "true"
      },
      "version": "6.3.2"
    }
  }
}